<?xml version="1.0" encoding="UTF-8"?>
<!-- Generated by org.testng.reporters.JUnitXMLReporter -->
<testsuite ignored="0" hostname="himanshu507-lambdatests-mz510735rot" failures="0" tests="5" name="Surefire test" time="93.789" errors="0" timestamp="2023-02-23T16:55:49 UTC">
  <testcase classname="lambdatest.Tests.TestScenario1" name="validateUrl" time="3.293"/>
  <testcase classname="lambdatest.Tests.TestScenario1" name="validateMessage" time="1.099"/>
  <testcase classname="lambdatest.Tests.TestScenario2" name="dragAndDrop" time="2.864"/>
  <testcase classname="lambdatest.Tests.TestScenario3" name="checkFieldsMsg" time="3.639"/>
  <testcase classname="lambdatest.Tests.TestScenario3" name="SubmitData" time="5.141"/>
</testsuite> <!-- Surefire test -->
