<?xml version="1.0" encoding="UTF-8"?>
<!-- Generated by org.testng.reporters.JUnitXMLReporter -->
<testsuite ignored="0" hostname="Air.local" failures="0" tests="5" name="Test" time="10.639" errors="0" timestamp="2023-02-23T01:31:29 IST">
  <testcase classname="lambdatest.Tests.TestScenario1" name="validateUrl" time="0.554"/>
  <testcase classname="lambdatest.Tests.TestScenario1" name="validateMessage" time="0.129"/>
  <testcase classname="lambdatest.Tests.TestScenario2" name="dragAndDrop" time="4.751"/>
  <testcase classname="lambdatest.Tests.TestScenario3" name="SubmitData" time="0.813"/>
  <testcase classname="lambdatest.Tests.TestScenario3" name="checkFieldsMsg" time="0.108"/>
</testsuite> <!-- Test -->
