<?xml version="1.0" encoding="UTF-8"?>
<!-- Generated by org.testng.reporters.JUnitXMLReporter -->
<testsuite ignored="0" hostname="Air.local" failures="0" tests="5" name="Test" time="17.886" errors="0" timestamp="2023-02-23T11:41:37 IST">
  <testcase classname="lambdatest.Tests.TestScenario1" name="validateUrl" time="3.503"/>
  <testcase classname="lambdatest.Tests.TestScenario1" name="validateMessage" time="0.124"/>
  <testcase classname="lambdatest.Tests.TestScenario2" name="dragAndDrop" time="1.296"/>
  <testcase classname="lambdatest.Tests.TestScenario3" name="SubmitData" time="0.867"/>
  <testcase classname="lambdatest.Tests.TestScenario3" name="checkFieldsMsg" time="0.121"/>
</testsuite> <!-- Test -->
