<?xml version="1.0" encoding="UTF-8"?>
<testsuite xmlns:xsi="http://www.w3.org/2001/XMLSchema-instance" xsi:noNamespaceSchemaLocation="https://maven.apache.org/surefire/maven-surefire-plugin/xsd/surefire-test-report.xsd" name="TestSuite" time="783.795" tests="29" errors="0" skipped="11" failures="12">
  <properties>
[...]
</properties>
  <testcase name="validateUrl" classname="lambdatest.Tests.TestScenario1" time="0.913"/>
  <testcase name="validateUrl" classname="lambdatest.Tests.TestScenario1" time="1.632"/>
  <testcase name="validateUrl" classname="lambdatest.Tests.TestScenario1" time="0">
    <skipped/>
  </testcase>
  <testcase name="validateUrl" classname="lambdatest.Tests.TestScenario1" time="0">
    <skipped/>
  </testcase>
  <testcase name="dragAndDrop" classname="lambdatest.Tests.TestScenario2" time="2.073">
    <failure message="expected [95] but found [96]" type="java.lang.AssertionError">java.lang.AssertionError: expected [95] but found [96]
	at lambdatest.Tests.TestScenario2.dragAndDrop(TestScenario2.java:16)
</failure>
    <system-err><![CDATA[Feb 23, 2023 6:01:12 PM org.openqa.selenium.remote.RemoteWebDriver checkNonW3CCapabilities
WARNING: Support for Legacy Capabilities is deprecated; You are sending the following invalid capabilities: [build, console, name, network, platform, selenium_version, version, video, visual]; Please update to W3C Syntax: https://www.selenium.dev/blog/2022/legacy-protocol-support/
Feb 23, 2023 6:03:37 PM org.openqa.selenium.remote.ProtocolHandshake createSession
WARNING: Support for Legacy Capabilities is deprecated; You are sending the following invalid capabilities: [build, console, name, network, platform, selenium_version, version, video, visual]; Please update to W3C Syntax: https://www.selenium.dev/blog/2022/legacy-protocol-support/
]]></system-err>
  </testcase>
  <testcase name="dragAndDrop" classname="lambdatest.Tests.TestScenario2" time="0">
    <skipped/>
  </testcase>
  <testcase name="dragAndDrop" classname="lambdatest.Tests.TestScenario2" time="0">
    <skipped/>
  </testcase>
  <testcase name="dragAndDrop" classname="lambdatest.Tests.TestScenario2" time="0">
    <skipped/>
  </testcase>
  <testcase name="setup" classname="lambdatest.Tests.TestScenario1" time="8.619">
    <failure type="java.lang.NullPointerException">java.lang.NullPointerException
</failure>
    <system-out><![CDATA[Could not start a new session. Possible causes are invalid address of the remote server or browser start-up failure. 
Host info: host: 'himanshu507-lambdatests-mz510735rot', ip: '127.0.0.1'
Build info: version: '4.8.0', revision: '267030adea'
System info: os.name: 'Linux', os.arch: 'amd64', os.version: '5.15.0-47-generic', java.version: '11.0.17'
Driver info: org.openqa.selenium.remote.RemoteWebDriver
Command: [null, newSession {capabilities=[Capabilities {browserName: chrome, build: SeleniumJava101Assignment, console: true, name: SeleniumJava101Assignment, network: true, platform: WIN10, selenium_version: 4.0.0, version: 88.0, video: true, visual: true}], desiredCapabilities=Capabilities {browserName: chrome, build: SeleniumJava101Assignment, console: true, name: SeleniumJava101Assignment, network: true, platform: WIN10, selenium_version: 4.0.0, version: 88.0, video: true, visual: true}}]
Capabilities {}
]]></system-out>
    <system-err><![CDATA[Feb 23, 2023 6:03:46 PM org.openqa.selenium.remote.RemoteWebDriver checkNonW3CCapabilities
WARNING: Support for Legacy Capabilities is deprecated; You are sending the following invalid capabilities: [build, console, name, network, platform, selenium_version, version, video, visual]; Please update to W3C Syntax: https://www.selenium.dev/blog/2022/legacy-protocol-support/
]]></system-err>
  </testcase>
  <testcase name="setup" classname="lambdatest.Tests.TestScenario1" time="61.523">
    <failure type="java.lang.NullPointerException">java.lang.NullPointerException
</failure>
    <system-out><![CDATA[Could not start a new session. Possible causes are invalid address of the remote server or browser start-up failure. 
Host info: host: 'himanshu507-lambdatests-mz510735rot', ip: '127.0.0.1'
]]></system-out>
    <system-err><![CDATA[Feb 23, 2023 6:06:51 PM org.openqa.selenium.remote.RemoteWebDriver checkNonW3CCapabilities
WARNING: Support for Legacy Capabilities is deprecated; You are sending the following invalid capabilities: [build, console, name, network, platform, selenium_version, version, video, visual]; Please update to W3C Syntax: https://www.selenium.dev/blog/2022/legacy-protocol-support/
]]></system-err>
  </testcase>
  <testcase name="setup" classname="lambdatest.Tests.TestScenario2" time="20.799">
    <failure type="java.lang.NullPointerException">java.lang.NullPointerException
</failure>
    <system-out><![CDATA[Could not start a new session. Possible causes are invalid address of the remote server or browser start-up failure. 
Host info: host: 'himanshu507-lambdatests-mz510735rot', ip: '127.0.0.1'
]]></system-out>
    <system-err><![CDATA[Feb 23, 2023 6:03:51 PM org.openqa.selenium.remote.RemoteWebDriver checkNonW3CCapabilities
WARNING: Support for Legacy Capabilities is deprecated; You are sending the following invalid capabilities: [build, console, name, network, platform, selenium_version, version, video, visual]; Please update to W3C Syntax: https://www.selenium.dev/blog/2022/legacy-protocol-support/
]]></system-err>
  </testcase>
  <testcase name="setup" classname="lambdatest.Tests.TestScenario2" time="4.006">
    <failure type="java.lang.NullPointerException">java.lang.NullPointerException
</failure>
    <system-out><![CDATA[Could not start a new session. Possible causes are invalid address of the remote server or browser start-up failure. 
Host info: host: 'himanshu507-lambdatests-mz510735rot', ip: '127.0.0.1'
Build info: version: '4.8.0', revision: '267030adea'
System info: os.name: 'Linux', os.arch: 'amd64', os.version: '5.15.0-47-generic', java.version: '11.0.17'
Driver info: org.openqa.selenium.remote.RemoteWebDriver
Command: [null, newSession {capabilities=[Capabilities {browserName: chrome, build: SeleniumJava101Assignment, console: true, name: SeleniumJava101Assignment, network: true, platform: WIN10, selenium_version: 4.0.0, version: 88.0, video: true, visual: true}], desiredCapabilities=Capabilities {browserName: chrome, build: SeleniumJava101Assignment, console: true, name: SeleniumJava101Assignment, network: true, platform: WIN10, selenium_version: 4.0.0, version: 88.0, video: true, visual: true}}]
Capabilities {}
]]></system-out>
  </testcase>
  <testcase name="setup" classname="lambdatest.Tests.TestScenario2" time="140.138">
    <failure type="java.lang.NullPointerException">java.lang.NullPointerException
</failure>
    <system-out><![CDATA[Could not start a new session. Possible causes are invalid address of the remote server or browser start-up failure. 
Host info: host: 'himanshu507-lambdatests-mz510735rot', ip: '127.0.0.1'
Build info: version: '4.8.0', revision: '267030adea'
System info: os.name: 'Linux', os.arch: 'amd64', os.version: '5.15.0-47-generic', java.version: '11.0.17'
Driver info: org.openqa.selenium.remote.RemoteWebDriver
Command: [null, newSession {capabilities=[Capabilities {browserName: Internet Explorer, build: SeleniumJava101Assignment, console: true, name: SeleniumJava101Assignment, network: true, platform: Windows 10, selenium_version: 4.0.0, version: 11.0, video: true, visual: true}], desiredCapabilities=Capabilities {browserName: Internet Explorer, build: SeleniumJava101Assignment, console: true, name: SeleniumJava101Assignment, network: true, platform: Windows 10, selenium_version: 4.0.0, version: 11.0, video: true, visual: true}}]
Capabilities {}
]]></system-out>
  </testcase>
  <testcase name="checkFieldsMsg" classname="lambdatest.Tests.TestScenario3" time="2.454"/>
  <testcase name="checkFieldsMsg" classname="lambdatest.Tests.TestScenario3" time="0">
    <skipped/>
  </testcase>
  <testcase name="checkFieldsMsg" classname="lambdatest.Tests.TestScenario3" time="2.353"/>
  <testcase name="checkFieldsMsg" classname="lambdatest.Tests.TestScenario3" time="0">
    <skipped/>
  </testcase>
  <testcase name="validateMessage" classname="lambdatest.Tests.TestScenario1" time="0.027">
    <failure message="Unable to find the session info for particular sessionId 9b46ff0d2a0649ad132fd5e706012e8b, maybe session has quit already or timed out.&#10;Build info: version: &apos;4.8.0&apos;, revision: &apos;267030adea&apos;&#10;System info: os.name: &apos;Linux&apos;, os.arch: &apos;amd64&apos;, os.version: &apos;5.15.0-47-generic&apos;, java.version: &apos;11.0.17&apos;&#10;Driver info: org.openqa.selenium.remote.RemoteWebDriver&#10;Command: [9b46ff0d2a0649ad132fd5e706012e8b, findElement {using=id, value=user-message}]&#10;Capabilities {acceptInsecureCerts: false, browserName: msedge, browserVersion: 87.0.664.41, ms:edgeOptions: {debuggerAddress: localhost:49337}, msedge: {msedgedriverVersion: 87.0.669.0 (9e7154764c4ca8c..., userDataDir: /var/folders/nl/mnqgh0js2xb...}, networkConnectionEnabled: false, pageLoadStrategy: normal, platformName: MAC, proxy: Proxy(), se:cdpVersion: 87.0.664.41, setWindowRect: true, strictFileInteractability: false, timeouts: {implicit: 0, pageLoad: 300000, script: 30000}, unhandledPromptBehavior: dismiss and notify, webauthn:virtualAuthenticators: true}&#10;Session ID: 9b46ff0d2a0649ad132fd5e706012e8b" type="org.openqa.selenium.WebDriverException">org.openqa.selenium.WebDriverException: 
Unable to find the session info for particular sessionId 9b46ff0d2a0649ad132fd5e706012e8b, maybe session has quit already or timed out.
Build info: version: '4.8.0', revision: '267030adea'
System info: os.name: 'Linux', os.arch: 'amd64', os.version: '5.15.0-47-generic', java.version: '11.0.17'
Driver info: org.openqa.selenium.remote.RemoteWebDriver
Command: [9b46ff0d2a0649ad132fd5e706012e8b, findElement {using=id, value=user-message}]
Capabilities {acceptInsecureCerts: false, browserName: msedge, browserVersion: 87.0.664.41, ms:edgeOptions: {debuggerAddress: localhost:49337}, msedge: {msedgedriverVersion: 87.0.669.0 (9e7154764c4ca8c..., userDataDir: /var/folders/nl/mnqgh0js2xb...}, networkConnectionEnabled: false, pageLoadStrategy: normal, platformName: MAC, proxy: Proxy(), se:cdpVersion: 87.0.664.41, setWindowRect: true, strictFileInteractability: false, timeouts: {implicit: 0, pageLoad: 300000, script: 30000}, unhandledPromptBehavior: dismiss and notify, webauthn:virtualAuthenticators: true}
Session ID: 9b46ff0d2a0649ad132fd5e706012e8b
	at lambdatest.Tests.TestScenario1.validateMessage(TestScenario1.java:20)
</failure>
  </testcase>
  <testcase name="validateMessage" classname="lambdatest.Tests.TestScenario1" time="0.531">
    <failure message="Unable to find the session info for particular sessionId f88058f2-3a64-46df-b9ad-f027dae36713, maybe session has quit already or timed out.&#10;Build info: version: &apos;4.8.0&apos;, revision: &apos;267030adea&apos;&#10;System info: os.name: &apos;Linux&apos;, os.arch: &apos;amd64&apos;, os.version: &apos;5.15.0-47-generic&apos;, java.version: &apos;11.0.17&apos;&#10;Driver info: org.openqa.selenium.remote.RemoteWebDriver&#10;Command: [f88058f2-3a64-46df-b9ad-f027dae36713, findElement {using=id, value=user-message}]&#10;Capabilities {acceptInsecureCerts: true, browserName: firefox, browserVersion: 82.0, moz:accessibilityChecks: false, moz:buildID: 20201014125134, moz:geckodriverVersion: 0.30.0, moz:headless: false, moz:processID: 3876, moz:profile: C:\Users\ltuser\AppData\Loc..., moz:shutdownTimeout: 60000, moz:useNonSpecCompliantPointerOrigin: false, moz:webdriverClick: true, pageLoadStrategy: normal, platformName: WINDOWS, platformVersion: 6.1, rotatable: false, setWindowRect: true, strictFileInteractability: false, timeouts: {implicit: 0, pageLoad: 300000, script: 30000}, unhandledPromptBehavior: dismiss and notify}&#10;Session ID: f88058f2-3a64-46df-b9ad-f027dae36713" type="org.openqa.selenium.WebDriverException">org.openqa.selenium.WebDriverException: 
Unable to find the session info for particular sessionId f88058f2-3a64-46df-b9ad-f027dae36713, maybe session has quit already or timed out.
Build info: version: '4.8.0', revision: '267030adea'
System info: os.name: 'Linux', os.arch: 'amd64', os.version: '5.15.0-47-generic', java.version: '11.0.17'
Driver info: org.openqa.selenium.remote.RemoteWebDriver
Command: [f88058f2-3a64-46df-b9ad-f027dae36713, findElement {using=id, value=user-message}]
Capabilities {acceptInsecureCerts: true, browserName: firefox, browserVersion: 82.0, moz:accessibilityChecks: false, moz:buildID: 20201014125134, moz:geckodriverVersion: 0.30.0, moz:headless: false, moz:processID: 3876, moz:profile: C:\Users\ltuser\AppData\Loc..., moz:shutdownTimeout: 60000, moz:useNonSpecCompliantPointerOrigin: false, moz:webdriverClick: true, pageLoadStrategy: normal, platformName: WINDOWS, platformVersion: 6.1, rotatable: false, setWindowRect: true, strictFileInteractability: false, timeouts: {implicit: 0, pageLoad: 300000, script: 30000}, unhandledPromptBehavior: dismiss and notify}
Session ID: f88058f2-3a64-46df-b9ad-f027dae36713
	at lambdatest.Tests.TestScenario1.validateMessage(TestScenario1.java:20)
</failure>
  </testcase>
  <testcase name="validateMessage" classname="lambdatest.Tests.TestScenario1" time="0">
    <skipped message="Method lambdatest.Tests.TestScenario1.validateMessage() on instance lambdatest.Tests.TestScenario1@f736069 depends on not successfully finished methods &#10;[lambdatest.Tests.TestScenario1.validateUrl() on instance lambdatest.Tests.TestScenario1@f736069]"/>
  </testcase>
  <testcase name="validateMessage" classname="lambdatest.Tests.TestScenario1" time="0">
    <skipped message="Method lambdatest.Tests.TestScenario1.validateMessage() on instance lambdatest.Tests.TestScenario1@1151e434 depends on not successfully finished methods &#10;[lambdatest.Tests.TestScenario1.validateUrl() on instance lambdatest.Tests.TestScenario1@1151e434]"/>
  </testcase>
  <testcase name="teardown" classname="lambdatest.Tests.TestScenario1" time="0.051">
    <failure message="Unable to find the session info for particular sessionId 9b46ff0d2a0649ad132fd5e706012e8b, maybe session has quit already or timed out.&#10;Build info: version: &apos;4.8.0&apos;, revision: &apos;267030adea&apos;&#10;System info: os.name: &apos;Linux&apos;, os.arch: &apos;amd64&apos;, os.version: &apos;5.15.0-47-generic&apos;, java.version: &apos;11.0.17&apos;&#10;Driver info: org.openqa.selenium.remote.RemoteWebDriver&#10;Command: [9b46ff0d2a0649ad132fd5e706012e8b, executeScript {script=lambda-status=false, args=[]}]&#10;Capabilities {acceptInsecureCerts: false, browserName: msedge, browserVersion: 87.0.664.41, ms:edgeOptions: {debuggerAddress: localhost:49337}, msedge: {msedgedriverVersion: 87.0.669.0 (9e7154764c4ca8c..., userDataDir: /var/folders/nl/mnqgh0js2xb...}, networkConnectionEnabled: false, pageLoadStrategy: normal, platformName: MAC, proxy: Proxy(), se:cdpVersion: 87.0.664.41, setWindowRect: true, strictFileInteractability: false, timeouts: {implicit: 0, pageLoad: 300000, script: 30000}, unhandledPromptBehavior: dismiss and notify, webauthn:virtualAuthenticators: true}&#10;Session ID: 9b46ff0d2a0649ad132fd5e706012e8b" type="org.openqa.selenium.WebDriverException">org.openqa.selenium.WebDriverException: 
Unable to find the session info for particular sessionId 9b46ff0d2a0649ad132fd5e706012e8b, maybe session has quit already or timed out.
Build info: version: '4.8.0', revision: '267030adea'
System info: os.name: 'Linux', os.arch: 'amd64', os.version: '5.15.0-47-generic', java.version: '11.0.17'
Driver info: org.openqa.selenium.remote.RemoteWebDriver
Command: [9b46ff0d2a0649ad132fd5e706012e8b, executeScript {script=lambda-status=false, args=[]}]
Capabilities {acceptInsecureCerts: false, browserName: msedge, browserVersion: 87.0.664.41, ms:edgeOptions: {debuggerAddress: localhost:49337}, msedge: {msedgedriverVersion: 87.0.669.0 (9e7154764c4ca8c..., userDataDir: /var/folders/nl/mnqgh0js2xb...}, networkConnectionEnabled: false, pageLoadStrategy: normal, platformName: MAC, proxy: Proxy(), se:cdpVersion: 87.0.664.41, setWindowRect: true, strictFileInteractability: false, timeouts: {implicit: 0, pageLoad: 300000, script: 30000}, unhandledPromptBehavior: dismiss and notify, webauthn:virtualAuthenticators: true}
Session ID: 9b46ff0d2a0649ad132fd5e706012e8b
</failure>
  </testcase>
  <testcase name="teardown" classname="lambdatest.Tests.TestScenario1" time="0.756">
    <failure message="Unable to find the session info for particular sessionId f88058f2-3a64-46df-b9ad-f027dae36713, maybe session has quit already or timed out.&#10;Build info: version: &apos;4.8.0&apos;, revision: &apos;267030adea&apos;&#10;System info: os.name: &apos;Linux&apos;, os.arch: &apos;amd64&apos;, os.version: &apos;5.15.0-47-generic&apos;, java.version: &apos;11.0.17&apos;&#10;Driver info: org.openqa.selenium.remote.RemoteWebDriver&#10;Command: [f88058f2-3a64-46df-b9ad-f027dae36713, executeScript {script=lambda-status=false, args=[]}]&#10;Capabilities {acceptInsecureCerts: true, browserName: firefox, browserVersion: 82.0, moz:accessibilityChecks: false, moz:buildID: 20201014125134, moz:geckodriverVersion: 0.30.0, moz:headless: false, moz:processID: 3876, moz:profile: C:\Users\ltuser\AppData\Loc..., moz:shutdownTimeout: 60000, moz:useNonSpecCompliantPointerOrigin: false, moz:webdriverClick: true, pageLoadStrategy: normal, platformName: WINDOWS, platformVersion: 6.1, rotatable: false, setWindowRect: true, strictFileInteractability: false, timeouts: {implicit: 0, pageLoad: 300000, script: 30000}, unhandledPromptBehavior: dismiss and notify}&#10;Session ID: f88058f2-3a64-46df-b9ad-f027dae36713" type="org.openqa.selenium.WebDriverException">org.openqa.selenium.WebDriverException: 
Unable to find the session info for particular sessionId f88058f2-3a64-46df-b9ad-f027dae36713, maybe session has quit already or timed out.
Build info: version: '4.8.0', revision: '267030adea'
System info: os.name: 'Linux', os.arch: 'amd64', os.version: '5.15.0-47-generic', java.version: '11.0.17'
Driver info: org.openqa.selenium.remote.RemoteWebDriver
Command: [f88058f2-3a64-46df-b9ad-f027dae36713, executeScript {script=lambda-status=false, args=[]}]
Capabilities {acceptInsecureCerts: true, browserName: firefox, browserVersion: 82.0, moz:accessibilityChecks: false, moz:buildID: 20201014125134, moz:geckodriverVersion: 0.30.0, moz:headless: false, moz:processID: 3876, moz:profile: C:\Users\ltuser\AppData\Loc..., moz:shutdownTimeout: 60000, moz:useNonSpecCompliantPointerOrigin: false, moz:webdriverClick: true, pageLoadStrategy: normal, platformName: WINDOWS, platformVersion: 6.1, rotatable: false, setWindowRect: true, strictFileInteractability: false, timeouts: {implicit: 0, pageLoad: 300000, script: 30000}, unhandledPromptBehavior: dismiss and notify}
Session ID: f88058f2-3a64-46df-b9ad-f027dae36713
</failure>
  </testcase>
  <testcase name="SubmitData" classname="lambdatest.Tests.TestScenario3" time="6.417"/>
  <testcase name="SubmitData" classname="lambdatest.Tests.TestScenario3" time="0">
    <skipped message="Method lambdatest.Tests.TestScenario3.SubmitData() on instance lambdatest.Tests.TestScenario3@26e356f0 depends on not successfully finished methods &#10;[lambdatest.Tests.TestScenario3.checkFieldsMsg() on instance lambdatest.Tests.TestScenario3@26e356f0]"/>
  </testcase>
  <testcase name="SubmitData" classname="lambdatest.Tests.TestScenario3" time="4.923"/>
  <testcase name="SubmitData" classname="lambdatest.Tests.TestScenario3" time="0">
    <skipped message="Method lambdatest.Tests.TestScenario3.SubmitData() on instance lambdatest.Tests.TestScenario3@4659191b depends on not successfully finished methods &#10;[lambdatest.Tests.TestScenario3.checkFieldsMsg() on instance lambdatest.Tests.TestScenario3@4659191b]"/>
  </testcase>
  <testcase name="setup" classname="lambdatest.Tests.TestScenario3" time="121.703">
    <failure type="java.lang.NullPointerException">java.lang.NullPointerException
</failure>
    <system-out><![CDATA[Could not start a new session. Possible causes are invalid address of the remote server or browser start-up failure. 
Host info: host: 'himanshu507-lambdatests-mz510735rot', ip: '127.0.0.1'
]]></system-out>
    <system-err><![CDATA[Feb 23, 2023 6:04:53 PM org.openqa.selenium.remote.RemoteWebDriver checkNonW3CCapabilities
WARNING: Support for Legacy Capabilities is deprecated; You are sending the following invalid capabilities: [build, console, name, network, platform, selenium_version, version, video, visual]; Please update to W3C Syntax: https://www.selenium.dev/blog/2022/legacy-protocol-support/
]]></system-err>
  </testcase>
  <testcase name="setup" classname="lambdatest.Tests.TestScenario3" time="180.099">
    <failure type="java.lang.NullPointerException">java.lang.NullPointerException
</failure>
    <system-out><![CDATA[Could not start a new session. Possible causes are invalid address of the remote server or browser start-up failure. 
Host info: host: 'himanshu507-lambdatests-mz510735rot', ip: '127.0.0.1'
Build info: version: '4.8.0', revision: '267030adea'
System info: os.name: 'Linux', os.arch: 'amd64', os.version: '5.15.0-47-generic', java.version: '11.0.17'
Driver info: org.openqa.selenium.remote.RemoteWebDriver
Command: [null, newSession {capabilities=[Capabilities {browserName: Internet Explorer, build: SeleniumJava101Assignment, console: true, name: SeleniumJava101Assignment, network: true, platform: Windows 10, selenium_version: 4.0.0, version: 11.0, video: true, visual: true}], desiredCapabilities=Capabilities {browserName: Internet Explorer, build: SeleniumJava101Assignment, console: true, name: SeleniumJava101Assignment, network: true, platform: Windows 10, selenium_version: 4.0.0, version: 11.0, video: true, visual: true}}]
Capabilities {}
]]></system-out>
    <system-err><![CDATA[Feb 23, 2023 6:10:53 PM org.openqa.selenium.remote.RemoteWebDriver checkNonW3CCapabilities
WARNING: Support for Legacy Capabilities is deprecated; You are sending the following invalid capabilities: [build, console, name, network, platform, selenium_version, version, video, visual]; Please update to W3C Syntax: https://www.selenium.dev/blog/2022/legacy-protocol-support/
]]></system-err>
  </testcase>
</testsuite>