<?xml version="1.0" encoding="UTF-8"?>
<!-- Generated by org.testng.reporters.JUnitXMLReporter -->
<testsuite ignored="0" hostname="himanshu507-lambdatests-mz510735rot" failures="1" tests="5" name="MACOSTEST" time="242.769" errors="0" timestamp="2023-02-23T18:04:53 UTC">
  <testcase classname="lambdatest.Tests.TestScenario1" name="validateUrl" time="1.632"/>
  <testcase classname="lambdatest.Tests.TestScenario2" name="dragAndDrop" time="0.0">
    <skipped/>
  </testcase> <!-- dragAndDrop -->
  <testcase classname="lambdatest.Tests.TestScenario3" name="checkFieldsMsg" time="2.455"/>
  <testcase classname="lambdatest.Tests.TestScenario1" name="validateMessage" time="0.027">
    <failure type="org.openqa.selenium.WebDriverException" message="Unable to find the session info for particular sessionId 9b46ff0d2a0649ad132fd5e706012e8b, maybe session has quit already or timed out.
Build info: version: &amp;apos;4.8.0&amp;apos;, revision: &amp;apos;267030adea&amp;apos;
System info: os.name: &amp;apos;Linux&amp;apos;, os.arch: &amp;apos;amd64&amp;apos;, os.version: &amp;apos;5.15.0-47-generic&amp;apos;, java.version: &amp;apos;11.0.17&amp;apos;
Driver info: org.openqa.selenium.remote.RemoteWebDriver
Command: [9b46ff0d2a0649ad132fd5e706012e8b, findElement {using=id, value=user-message}]
Capabilities {acceptInsecureCerts: false, browserName: msedge, browserVersion: 87.0.664.41, ms:edgeOptions: {debuggerAddress: localhost:49337}, msedge: {msedgedriverVersion: 87.0.669.0 (9e7154764c4ca8c..., userDataDir: /var/folders/nl/mnqgh0js2xb...}, networkConnectionEnabled: false, pageLoadStrategy: normal, platformName: MAC, proxy: Proxy(), se:cdpVersion: 87.0.664.41, setWindowRect: true, strictFileInteractability: false, timeouts: {implicit: 0, pageLoad: 300000, script: 30000}, unhandledPromptBehavior: dismiss and notify, webauthn:virtualAuthenticators: true}
Session ID: 9b46ff0d2a0649ad132fd5e706012e8b">
      <![CDATA[org.openqa.selenium.WebDriverException: Unable to find the session info for particular sessionId 9b46ff0d2a0649ad132fd5e706012e8b, maybe session has quit already or timed out.
Build info: version: '4.8.0', revision: '267030adea'
System info: os.name: 'Linux', os.arch: 'amd64', os.version: '5.15.0-47-generic', java.version: '11.0.17'
Driver info: org.openqa.selenium.remote.RemoteWebDriver
Command: [9b46ff0d2a0649ad132fd5e706012e8b, findElement {using=id, value=user-message}]
Capabilities {acceptInsecureCerts: false, browserName: msedge, browserVersion: 87.0.664.41, ms:edgeOptions: {debuggerAddress: localhost:49337}, msedge: {msedgedriverVersion: 87.0.669.0 (9e7154764c4ca8c..., userDataDir: /var/folders/nl/mnqgh0js2xb...}, networkConnectionEnabled: false, pageLoadStrategy: normal, platformName: MAC, proxy: Proxy(), se:cdpVersion: 87.0.664.41, setWindowRect: true, strictFileInteractability: false, timeouts: {implicit: 0, pageLoad: 300000, script: 30000}, unhandledPromptBehavior: dismiss and notify, webauthn:virtualAuthenticators: true}
Session ID: 9b46ff0d2a0649ad132fd5e706012e8b
at org.openqa.selenium.remote.codec.w3c.W3CHttpResponseCodec.createException(W3CHttpResponseCodec.java:200)
at org.openqa.selenium.remote.codec.w3c.W3CHttpResponseCodec.decode(W3CHttpResponseCodec.java:133)
at org.openqa.selenium.remote.codec.w3c.W3CHttpResponseCodec.decode(W3CHttpResponseCodec.java:53)
at org.openqa.selenium.remote.HttpCommandExecutor.execute(HttpCommandExecutor.java:184)
at org.openqa.selenium.remote.TracedCommandExecutor.execute(TracedCommandExecutor.java:51)
at org.openqa.selenium.remote.RemoteWebDriver.execute(RemoteWebDriver.java:543)
at org.openqa.selenium.remote.ElementLocation$ElementFinder$2.findElement(ElementLocation.java:162)
at org.openqa.selenium.remote.ElementLocation.findElement(ElementLocation.java:66)
at org.openqa.selenium.remote.RemoteWebDriver.findElement(RemoteWebDriver.java:352)
at org.openqa.selenium.remote.RemoteWebDriver.findElement(RemoteWebDriver.java:344)
at org.openqa.selenium.support.pagefactory.DefaultElementLocator.findElement(DefaultElementLocator.java:70)
at org.openqa.selenium.support.pagefactory.internal.LocatingElementHandler.invoke(LocatingElementHandler.java:39)
at com.sun.proxy.$Proxy13.sendKeys(Unknown Source)
at lambdatest.PageObjectModel.SimpleFormDemo.setMsg(SimpleFormDemo.java:35)
at lambdatest.Tests.TestScenario1.validateMessage(TestScenario1.java:20)
at java.base/java.util.ArrayList.forEach(ArrayList.java:1541)
at java.base/java.util.concurrent.FutureTask.run(FutureTask.java:264)
at java.base/java.util.concurrent.ThreadPoolExecutor.runWorker(ThreadPoolExecutor.java:1128)
at java.base/java.util.concurrent.ThreadPoolExecutor$Worker.run(ThreadPoolExecutor.java:628)
at java.base/java.lang.Thread.run(Thread.java:829)
... Removed 21 stack frames]]>
    </failure>
  </testcase> <!-- validateMessage -->
  <testcase classname="lambdatest.Tests.TestScenario3" name="SubmitData" time="6.417"/>
</testsuite> <!-- MACOSTEST -->
