<?xml version="1.0" encoding="UTF-8"?>
<!-- Generated by org.testng.reporters.JUnitXMLReporter -->
<testsuite ignored="0" hostname="himanshu507-lambdatests-mz510735rot" failures="1" tests="5" name="WIN10TEST" time="164.486" errors="0" timestamp="2023-02-23T20:53:42 UTC">
  <testcase classname="lambdatest.Tests.TestScenario2" name="dragAndDrop" time="3.22"/>
  <testcase classname="lambdatest.Tests.TestScenario3" name="checkFieldsMsg" time="2.925">
    <failure type="java.lang.AssertionError" message="expected [Please fill in the fields] but found [Please fill out this field.]">
      <![CDATA[java.lang.AssertionError: expected [Please fill in the fields] but found [Please fill out this field.]
at lambdatest.Tests.TestScenario3.checkFieldsMsg(TestScenario3.java:24)
at java.base/java.util.concurrent.ThreadPoolExecutor.runWorker(ThreadPoolExecutor.java:1128)
at java.base/java.util.concurrent.ThreadPoolExecutor$Worker.run(ThreadPoolExecutor.java:628)
at java.base/java.lang.Thread.run(Thread.java:829)
... Removed 23 stack frames]]>
    </failure>
  </testcase> <!-- checkFieldsMsg -->
  <testcase classname="lambdatest.Tests.TestScenario3" name="SubmitData" time="0.0">
    <skipped/>
  </testcase> <!-- SubmitData -->
  <testcase classname="lambdatest.Tests.TestScenario1" name="validateUrl" time="1.862"/>
  <testcase classname="lambdatest.Tests.TestScenario1" name="validateMessage" time="1.103"/>
</testsuite> <!-- WIN10TEST -->
