<?xml version="1.0" encoding="UTF-8"?>
<!-- Generated by org.testng.reporters.JUnitXMLReporter -->
<testsuite ignored="0" hostname="himanshu507-lambdatests-mz510735rot" failures="0" tests="5" name="WIN7TEST" time="182.999" errors="0" timestamp="2023-02-23T20:54:00 UTC">
  <testcase classname="lambdatest.Tests.TestScenario3" name="checkFieldsMsg" time="0.0">
    <skipped/>
  </testcase> <!-- checkFieldsMsg -->
  <testcase classname="lambdatest.Tests.TestScenario3" name="SubmitData" time="0.0">
    <skipped/>
  </testcase> <!-- SubmitData -->
  <testcase classname="lambdatest.Tests.TestScenario2" name="dragAndDrop" time="0.0">
    <skipped/>
  </testcase> <!-- dragAndDrop -->
  <testcase classname="lambdatest.Tests.TestScenario1" name="validateUrl" time="0.0">
    <skipped/>
  </testcase> <!-- validateUrl -->
  <testcase classname="lambdatest.Tests.TestScenario1" name="validateMessage" time="0.0">
    <skipped/>
  </testcase> <!-- validateMessage -->
</testsuite> <!-- WIN7TEST -->
